20150102-212401 - Server naming...
20150102-212401 - Installation offline
20150102-212401 - User puppet control...
20150102-212401 - Sourcing the directories of the configuration...
20150102-212402 - Puppet 3.7.3 is installed on server puppet.
20150102-212402 - Adding some modules...
20150102-212402 - puppet module install puppetlabs-apt
20150102-212403 - puppet module install puppetlabs-git
20150102-212403 - puppet module install puppetlabs-ntp
20150102-212404 - puppet module install puppetlabs-nginx
20150102-212404 - puppet module install puppetlabs-mysql
20150102-212405 - puppet module install puppetlabs-dashboard
20150102-212406 - Importing  modules...
«./modules/g10b-node/manifests/init.pp» -> «/etc/puppet/modules/g10b-node/manifests/init.pp»
«./modules/g10b-ssh/manifests/init.pp» -> «/etc/puppet/modules/g10b-ssh/manifests/init.pp»
«./modules/g10b-users/manifests/init.pp» -> «/etc/puppet/modules/g10b-users/manifests/init.pp»
«./modules/g10b-users/files/bashrc» -> «/etc/puppet/modules/g10b-users/files/bashrc»
«./modules/g10b-users/files/profile» -> «/etc/puppet/modules/g10b-users/files/profile»
«./modules/g10b-users/files/bash_aliases» -> «/etc/puppet/modules/g10b-users/files/bash_aliases»
20150102-212406 - Importing  manifests...
«./manifests/nodes.pp» -> «/etc/puppet/manifests/nodes.pp»
«./manifests/site.pp» -> «/etc/puppet/manifests/site.pp»
20150102-212406 - Starting Puppet Client...
20150102-212407 - Starting Puppet Server...
