# Supported modules
puppetlabs-stdlib
puppetlabs-apt
puppetlabs-concat
puppetlabs-git
puppetlabs-ntp
puppetlabs-java
puppetlabs-apache
puppetlabs-docker_platform
#puppetlabs-mysql
#puppetlabs-dashboard
#
# Approved modules
stankevich-python
rtyler-jenkins
ghoneycutt-dnsclient
example42-network
elasticsearch-elasticsearch
#
# Any
maestrodev-maven
ajjahn-dns
deric-mesos 
puppet-rundeck
elasticsearch-logstash
#elasticsearch-logstashforwarder
lesaux-kibana4
# To greedy for a personnal sources repository. I let it as an example.
#spuder-gitlab